{"D:\\DEV\\Jest-Mocks\\randomNumber\\getRandomNumberFact.js": {"path":"D:\\DEV\\Jest-Mocks\\randomNumber\\getRandomNumberFact.js","statementMap":{"0":{"start":{"line":3,"column":35},"end":{"line":6,"column":1}},"1":{"start":{"line":4,"column":27},"end":{"line":4,"column":61}},"2":{"start":{"line":5,"column":2},"end":{"line":5,"column":25}}},"fnMap":{"0":{"name":"(anonymous_0)","decl":{"start":{"line":3,"column":35},"end":{"line":3,"column":36}},"loc":{"start":{"line":3,"column":47},"end":{"line":6,"column":1}},"line":3}},"branchMap":{},"s":{"0":1,"1":2,"2":2},"f":{"0":2},"b":{},"_coverageSchema":"1a1c01bbd47fc00a2c39e90264f33305004495a9","hash":"915b993fb5a3d438787d9994eb9e4406dda75212"}
}
